2020-11-07 5:55:41 - MOD: Modification Default

FILE: system/engine/action.php
REGEX: ~(require|include)(_once)?\(([^)]+)~
LINE: 69

FILE: system/engine/loader.php
REGEX: ~(require|include)(_once)?\(([^)]+)~
LINE: 77
LINE: 151
LINE: 168

FILE: system/library/config.php
REGEX: ~(require|include)(_once)?\(([^)]+)~
LINE: 59

FILE: system/library/language.php
REGEX: ~(require|include)(_once)?\(([^)]+)~
LINE: 67
LINE: 73

FILE: system/library/template/template.php
REGEX: ~(require|include)(_once)?\(([^)]+)~
LINE: 18

FILE: system/library/template/twig.php
CODE: $loader = new \Twig_Loader_Filesystem(DIR_TEMPLATE);
LINE: 19
----------------------------------------------------------------
MOD: Inspire Newsletter
----------------------------------------------------------------
MOD: Inspire QuickView

FILE: catalog/controller/common/header.php
CODE: $data['title'] = $this->document->getTitle();
LINE: 29
----------------------------------------------------------------
MOD: OC Search Category by inspire
CODE: $data['search'] = $this->load->controller('common/search');
LINE: 78
----------------------------------------------------------------
2020-11-07 6:02:49 - MOD: Modification Default

FILE: system/engine/action.php
REGEX: ~(require|include)(_once)?\(([^)]+)~
LINE: 69

FILE: system/engine/loader.php
REGEX: ~(require|include)(_once)?\(([^)]+)~
LINE: 77
LINE: 151
LINE: 168

FILE: system/library/config.php
REGEX: ~(require|include)(_once)?\(([^)]+)~
LINE: 59

FILE: system/library/language.php
REGEX: ~(require|include)(_once)?\(([^)]+)~
LINE: 67
LINE: 73

FILE: system/library/template/template.php
REGEX: ~(require|include)(_once)?\(([^)]+)~
LINE: 18

FILE: system/library/template/twig.php
CODE: $loader = new \Twig_Loader_Filesystem(DIR_TEMPLATE);
LINE: 19
----------------------------------------------------------------
MOD: Inspire Newsletter
----------------------------------------------------------------
MOD: Inspire QuickView

FILE: catalog/controller/common/header.php
CODE: $data['title'] = $this->document->getTitle();
LINE: 29
----------------------------------------------------------------
MOD: OC Search Category by inspire
CODE: $data['search'] = $this->load->controller('common/search');
LINE: 78
----------------------------------------------------------------
2020-11-07 6:04:49 - MOD: Modification Default

FILE: system/engine/action.php
REGEX: ~(require|include)(_once)?\(([^)]+)~
LINE: 69

FILE: system/engine/loader.php
REGEX: ~(require|include)(_once)?\(([^)]+)~
LINE: 77
LINE: 151
LINE: 168

FILE: system/library/config.php
REGEX: ~(require|include)(_once)?\(([^)]+)~
LINE: 59

FILE: system/library/language.php
REGEX: ~(require|include)(_once)?\(([^)]+)~
LINE: 67
LINE: 73

FILE: system/library/template/template.php
REGEX: ~(require|include)(_once)?\(([^)]+)~
LINE: 18

FILE: system/library/template/twig.php
CODE: $loader = new \Twig_Loader_Filesystem(DIR_TEMPLATE);
LINE: 19
----------------------------------------------------------------
MOD: Inspire Newsletter
----------------------------------------------------------------
MOD: Inspire QuickView

FILE: catalog/controller/common/header.php
CODE: $data['title'] = $this->document->getTitle();
LINE: 29
----------------------------------------------------------------
MOD: OC Search Category by inspire
CODE: $data['search'] = $this->load->controller('common/search');
LINE: 78
----------------------------------------------------------------
2020-11-07 6:07:00 - MOD: Modification Default

FILE: system/engine/action.php
REGEX: ~(require|include)(_once)?\(([^)]+)~
LINE: 69

FILE: system/engine/loader.php
REGEX: ~(require|include)(_once)?\(([^)]+)~
LINE: 77
LINE: 151
LINE: 168

FILE: system/library/config.php
REGEX: ~(require|include)(_once)?\(([^)]+)~
LINE: 59

FILE: system/library/language.php
REGEX: ~(require|include)(_once)?\(([^)]+)~
LINE: 67
LINE: 73

FILE: system/library/template/template.php
REGEX: ~(require|include)(_once)?\(([^)]+)~
LINE: 18

FILE: system/library/template/twig.php
CODE: $loader = new \Twig_Loader_Filesystem(DIR_TEMPLATE);
LINE: 19
----------------------------------------------------------------
MOD: Inspire Newsletter
----------------------------------------------------------------
MOD: Inspire QuickView

FILE: catalog/controller/common/header.php
CODE: $data['title'] = $this->document->getTitle();
LINE: 29
----------------------------------------------------------------
MOD: OC Search Category by inspire
CODE: $data['search'] = $this->load->controller('common/search');
LINE: 78
----------------------------------------------------------------
2020-11-07 6:07:50 - MOD: Modification Default

FILE: system/engine/action.php
REGEX: ~(require|include)(_once)?\(([^)]+)~
LINE: 69

FILE: system/engine/loader.php
REGEX: ~(require|include)(_once)?\(([^)]+)~
LINE: 77
LINE: 151
LINE: 168

FILE: system/library/config.php
REGEX: ~(require|include)(_once)?\(([^)]+)~
LINE: 59

FILE: system/library/language.php
REGEX: ~(require|include)(_once)?\(([^)]+)~
LINE: 67
LINE: 73

FILE: system/library/template/template.php
REGEX: ~(require|include)(_once)?\(([^)]+)~
LINE: 18

FILE: system/library/template/twig.php
CODE: $loader = new \Twig_Loader_Filesystem(DIR_TEMPLATE);
LINE: 19
----------------------------------------------------------------
MOD: Inspire Newsletter
----------------------------------------------------------------
MOD: Inspire QuickView

FILE: catalog/controller/common/header.php
CODE: $data['title'] = $this->document->getTitle();
LINE: 29
----------------------------------------------------------------
MOD: OC Search Category by inspire
CODE: $data['search'] = $this->load->controller('common/search');
LINE: 78
----------------------------------------------------------------
2020-11-07 6:09:08 - MOD: Modification Default

FILE: system/engine/action.php
REGEX: ~(require|include)(_once)?\(([^)]+)~
LINE: 69

FILE: system/engine/loader.php
REGEX: ~(require|include)(_once)?\(([^)]+)~
LINE: 77
LINE: 151
LINE: 168

FILE: system/library/config.php
REGEX: ~(require|include)(_once)?\(([^)]+)~
LINE: 59

FILE: system/library/language.php
REGEX: ~(require|include)(_once)?\(([^)]+)~
LINE: 67
LINE: 73

FILE: system/library/template/template.php
REGEX: ~(require|include)(_once)?\(([^)]+)~
LINE: 18

FILE: system/library/template/twig.php
CODE: $loader = new \Twig_Loader_Filesystem(DIR_TEMPLATE);
LINE: 19
----------------------------------------------------------------
MOD: Inspire Newsletter
----------------------------------------------------------------
MOD: Inspire QuickView

FILE: catalog/controller/common/header.php
CODE: $data['title'] = $this->document->getTitle();
LINE: 29
----------------------------------------------------------------
MOD: OC Search Category by inspire
CODE: $data['search'] = $this->load->controller('common/search');
LINE: 78
----------------------------------------------------------------
2020-11-07 6:10:07 - MOD: Modification Default

FILE: system/engine/action.php
REGEX: ~(require|include)(_once)?\(([^)]+)~
LINE: 69

FILE: system/engine/loader.php
REGEX: ~(require|include)(_once)?\(([^)]+)~
LINE: 77
LINE: 151
LINE: 168

FILE: system/library/config.php
REGEX: ~(require|include)(_once)?\(([^)]+)~
LINE: 59

FILE: system/library/language.php
REGEX: ~(require|include)(_once)?\(([^)]+)~
LINE: 67
LINE: 73

FILE: system/library/template/template.php
REGEX: ~(require|include)(_once)?\(([^)]+)~
LINE: 18

FILE: system/library/template/twig.php
CODE: $loader = new \Twig_Loader_Filesystem(DIR_TEMPLATE);
LINE: 19
----------------------------------------------------------------
MOD: Inspire Newsletter
----------------------------------------------------------------
MOD: Inspire QuickView

FILE: catalog/controller/common/header.php
CODE: $data['title'] = $this->document->getTitle();
LINE: 29
----------------------------------------------------------------
MOD: OC Search Category by inspire
CODE: $data['search'] = $this->load->controller('common/search');
LINE: 78
----------------------------------------------------------------
2020-11-07 6:12:23 - MOD: Modification Default

FILE: system/engine/action.php
REGEX: ~(require|include)(_once)?\(([^)]+)~
LINE: 69

FILE: system/engine/loader.php
REGEX: ~(require|include)(_once)?\(([^)]+)~
LINE: 77
LINE: 151
LINE: 168

FILE: system/library/config.php
REGEX: ~(require|include)(_once)?\(([^)]+)~
LINE: 59

FILE: system/library/language.php
REGEX: ~(require|include)(_once)?\(([^)]+)~
LINE: 67
LINE: 73

FILE: system/library/template/template.php
REGEX: ~(require|include)(_once)?\(([^)]+)~
LINE: 18

FILE: system/library/template/twig.php
CODE: $loader = new \Twig_Loader_Filesystem(DIR_TEMPLATE);
LINE: 19
----------------------------------------------------------------
MOD: Inspire Newsletter
----------------------------------------------------------------
MOD: Inspire QuickView

FILE: catalog/controller/common/header.php
CODE: $data['title'] = $this->document->getTitle();
LINE: 29
----------------------------------------------------------------
MOD: OC Search Category by inspire
CODE: $data['search'] = $this->load->controller('common/search');
LINE: 78
----------------------------------------------------------------
2020-11-07 6:12:48 - MOD: Modification Default

FILE: system/engine/action.php
REGEX: ~(require|include)(_once)?\(([^)]+)~
LINE: 69

FILE: system/engine/loader.php
REGEX: ~(require|include)(_once)?\(([^)]+)~
LINE: 77
LINE: 151
LINE: 168

FILE: system/library/config.php
REGEX: ~(require|include)(_once)?\(([^)]+)~
LINE: 59

FILE: system/library/language.php
REGEX: ~(require|include)(_once)?\(([^)]+)~
LINE: 67
LINE: 73

FILE: system/library/template/template.php
REGEX: ~(require|include)(_once)?\(([^)]+)~
LINE: 18

FILE: system/library/template/twig.php
CODE: $loader = new \Twig_Loader_Filesystem(DIR_TEMPLATE);
LINE: 19
----------------------------------------------------------------
MOD: Inspire Newsletter
----------------------------------------------------------------
MOD: Inspire QuickView

FILE: catalog/controller/common/header.php
CODE: $data['title'] = $this->document->getTitle();
LINE: 29
----------------------------------------------------------------
MOD: OC Search Category by inspire
CODE: $data['search'] = $this->load->controller('common/search');
LINE: 78
----------------------------------------------------------------
2020-11-07 6:14:16 - MOD: Modification Default

FILE: system/engine/action.php
REGEX: ~(require|include)(_once)?\(([^)]+)~
LINE: 69

FILE: system/engine/loader.php
REGEX: ~(require|include)(_once)?\(([^)]+)~
LINE: 77
LINE: 151
LINE: 168

FILE: system/library/config.php
REGEX: ~(require|include)(_once)?\(([^)]+)~
LINE: 59

FILE: system/library/language.php
REGEX: ~(require|include)(_once)?\(([^)]+)~
LINE: 67
LINE: 73

FILE: system/library/template/template.php
REGEX: ~(require|include)(_once)?\(([^)]+)~
LINE: 18

FILE: system/library/template/twig.php
CODE: $loader = new \Twig_Loader_Filesystem(DIR_TEMPLATE);
LINE: 19
----------------------------------------------------------------
MOD: Inspire Newsletter
----------------------------------------------------------------
MOD: Inspire QuickView

FILE: catalog/controller/common/header.php
CODE: $data['title'] = $this->document->getTitle();
LINE: 29
----------------------------------------------------------------
MOD: OC Search Category by inspire
CODE: $data['search'] = $this->load->controller('common/search');
LINE: 78
----------------------------------------------------------------
2020-11-07 6:17:21 - MOD: Modification Default

FILE: system/engine/action.php
REGEX: ~(require|include)(_once)?\(([^)]+)~
LINE: 69

FILE: system/engine/loader.php
REGEX: ~(require|include)(_once)?\(([^)]+)~
LINE: 77
LINE: 151
LINE: 168

FILE: system/library/config.php
REGEX: ~(require|include)(_once)?\(([^)]+)~
LINE: 59

FILE: system/library/language.php
REGEX: ~(require|include)(_once)?\(([^)]+)~
LINE: 67
LINE: 73

FILE: system/library/template/template.php
REGEX: ~(require|include)(_once)?\(([^)]+)~
LINE: 18

FILE: system/library/template/twig.php
CODE: $loader = new \Twig_Loader_Filesystem(DIR_TEMPLATE);
LINE: 19
----------------------------------------------------------------
MOD: Inspire Newsletter
----------------------------------------------------------------
MOD: Inspire QuickView

FILE: catalog/controller/common/header.php
CODE: $data['title'] = $this->document->getTitle();
LINE: 29
----------------------------------------------------------------
MOD: OC Search Category by inspire
CODE: $data['search'] = $this->load->controller('common/search');
LINE: 78
----------------------------------------------------------------
2020-11-07 6:20:42 - MOD: Modification Default

FILE: system/engine/action.php
REGEX: ~(require|include)(_once)?\(([^)]+)~
LINE: 69

FILE: system/engine/loader.php
REGEX: ~(require|include)(_once)?\(([^)]+)~
LINE: 77
LINE: 151
LINE: 168

FILE: system/library/config.php
REGEX: ~(require|include)(_once)?\(([^)]+)~
LINE: 59

FILE: system/library/language.php
REGEX: ~(require|include)(_once)?\(([^)]+)~
LINE: 67
LINE: 73

FILE: system/library/template/template.php
REGEX: ~(require|include)(_once)?\(([^)]+)~
LINE: 18

FILE: system/library/template/twig.php
CODE: $loader = new \Twig_Loader_Filesystem(DIR_TEMPLATE);
LINE: 19
----------------------------------------------------------------
MOD: Inspire Newsletter
----------------------------------------------------------------
MOD: Inspire QuickView

FILE: catalog/controller/common/header.php
CODE: $data['title'] = $this->document->getTitle();
LINE: 29
----------------------------------------------------------------
MOD: OC Search Category by inspire
CODE: $data['search'] = $this->load->controller('common/search');
LINE: 78
----------------------------------------------------------------
2020-11-07 6:23:27 - MOD: Modification Default

FILE: system/engine/action.php
REGEX: ~(require|include)(_once)?\(([^)]+)~
LINE: 69

FILE: system/engine/loader.php
REGEX: ~(require|include)(_once)?\(([^)]+)~
LINE: 77
LINE: 151
LINE: 168

FILE: system/library/config.php
REGEX: ~(require|include)(_once)?\(([^)]+)~
LINE: 59

FILE: system/library/language.php
REGEX: ~(require|include)(_once)?\(([^)]+)~
LINE: 67
LINE: 73

FILE: system/library/template/template.php
REGEX: ~(require|include)(_once)?\(([^)]+)~
LINE: 18

FILE: system/library/template/twig.php
CODE: $loader = new \Twig_Loader_Filesystem(DIR_TEMPLATE);
LINE: 19
----------------------------------------------------------------
MOD: Inspire Newsletter
----------------------------------------------------------------
MOD: Inspire QuickView

FILE: catalog/controller/common/header.php
CODE: $data['title'] = $this->document->getTitle();
LINE: 29
----------------------------------------------------------------
MOD: OC Search Category by inspire
CODE: $data['search'] = $this->load->controller('common/search');
LINE: 78
----------------------------------------------------------------
2020-11-07 8:30:36 - MOD: Modification Default

FILE: system/engine/action.php
REGEX: ~(require|include)(_once)?\(([^)]+)~
LINE: 69

FILE: system/engine/loader.php
REGEX: ~(require|include)(_once)?\(([^)]+)~
LINE: 77
LINE: 151
LINE: 168

FILE: system/library/config.php
REGEX: ~(require|include)(_once)?\(([^)]+)~
LINE: 59

FILE: system/library/language.php
REGEX: ~(require|include)(_once)?\(([^)]+)~
LINE: 67
LINE: 73

FILE: system/library/template/template.php
REGEX: ~(require|include)(_once)?\(([^)]+)~
LINE: 18

FILE: system/library/template/twig.php
CODE: $loader = new \Twig_Loader_Filesystem(DIR_TEMPLATE);
LINE: 19
----------------------------------------------------------------
MOD: Inspire Newsletter
----------------------------------------------------------------
MOD: Inspire QuickView

FILE: catalog/controller/common/header.php
CODE: $data['title'] = $this->document->getTitle();
LINE: 29
----------------------------------------------------------------
MOD: OC Search Category by inspire
CODE: $data['search'] = $this->load->controller('common/search');
LINE: 78
----------------------------------------------------------------
2020-11-07 8:39:19 - MOD: Modification Default

FILE: system/engine/action.php
REGEX: ~(require|include)(_once)?\(([^)]+)~
LINE: 69

FILE: system/engine/loader.php
REGEX: ~(require|include)(_once)?\(([^)]+)~
LINE: 77
LINE: 151
LINE: 168

FILE: system/library/config.php
REGEX: ~(require|include)(_once)?\(([^)]+)~
LINE: 59

FILE: system/library/language.php
REGEX: ~(require|include)(_once)?\(([^)]+)~
LINE: 67
LINE: 73

FILE: system/library/template/template.php
REGEX: ~(require|include)(_once)?\(([^)]+)~
LINE: 18

FILE: system/library/template/twig.php
CODE: $loader = new \Twig_Loader_Filesystem(DIR_TEMPLATE);
LINE: 19
----------------------------------------------------------------
MOD: Inspire Newsletter
----------------------------------------------------------------
MOD: Inspire QuickView

FILE: catalog/controller/common/header.php
CODE: $data['title'] = $this->document->getTitle();
LINE: 29
----------------------------------------------------------------
MOD: OC Search Category by inspire
CODE: $data['search'] = $this->load->controller('common/search');
LINE: 78
----------------------------------------------------------------
